<?xml version="1.0" encoding="UTF-8"?>
<!-- Generated by org.testng.reporters.JUnitReportReporter -->
<testsuite hostname="DESKTOP-9PRMHQQ" failures="0" tests="4" name="testCases.TC_003_LoginDDT" time="39.602" errors="0" timestamp="2024-05-04T09:02:38 IST" skipped="0">
  <testcase classname="testCases.TC_003_LoginDDT" name="verify_LoginDDT" time="8.313"/>
  <testcase classname="testCases.TC_003_LoginDDT" name="verify_LoginDDT" time="11.666"/>
  <testcase classname="testCases.TC_003_LoginDDT" name="verify_LoginDDT" time="7.751"/>
  <testcase classname="testCases.TC_003_LoginDDT" name="verify_LoginDDT" time="11.872"/>
</testsuite> <!-- testCases.TC_003_LoginDDT -->
