<?xml version="1.0" encoding="UTF-8"?>
<!-- Generated by org.testng.reporters.JUnitReportReporter -->
<testsuite hostname="DESKTOP-9PRMHQQ" failures="0" tests="1" name="testCases.TC_001_AccountRegistrationPage" time="3.614" errors="0" timestamp="2024-05-22T19:10:14 IST" skipped="0">
  <testcase classname="testCases.TC_001_AccountRegistrationPage" name="verify_AccountRegistrationPage" time="3.614"/>
</testsuite> <!-- testCases.TC_001_AccountRegistrationPage -->
